2023-05-20 16:15:36,506:INFO:PyCaret Supervised Module
2023-05-20 16:15:36,507:INFO:ML Usecase: regression
2023-05-20 16:15:36,507:INFO:version 2.3.10
2023-05-20 16:15:36,507:INFO:Initializing setup()
2023-05-20 16:15:36,507:INFO:setup(target=Kills, ml_usecase=regression, available_plots={'parameter': 'Hyperparameters', 'residuals': 'Residuals', 'error': 'Prediction Error', 'cooks': 'Cooks Distance', 'rfe': 'Feature Selection', 'learning': 'Learning Curve', 'manifold': 'Manifold Learning', 'vc': 'Validation Curve', 'feature': 'Feature Importance', 'feature_all': 'Feature Importance (All)', 'tree': 'Decision Tree', 'residuals_interactive': 'Interactive Residuals'}, train_size=0.7, test_data=None, preprocess=True, imputation_type=simple, iterative_imputation_iters=5, categorical_features=None, categorical_imputation=constant, categorical_iterative_imputer=lightgbm, ordinal_features=None, high_cardinality_features=None, high_cardinality_method=frequency, numeric_features=None, numeric_imputation=mean, numeric_iterative_imputer=lightgbm, date_features=None, ignore_features=None, normalize=False, normalize_method=zscore, transformation=False, transformation_method=yeo-johnson, handle_unknown_categorical=True, unknown_categorical_method=least_frequent, pca=False, pca_method=linear, pca_components=None, ignore_low_variance=False, combine_rare_levels=False, rare_level_threshold=0.1, bin_numeric_features=None, remove_outliers=False, outliers_threshold=0.05, remove_multicollinearity=False, multicollinearity_threshold=0.9, remove_perfect_collinearity=True, create_clusters=False, cluster_iter=20, polynomial_features=False, polynomial_degree=2, trigonometry_features=False, polynomial_threshold=0.1, group_features=None, group_names=None, feature_selection=False, feature_selection_threshold=0.8, feature_selection_method=classic, feature_interaction=False, feature_ratio=False, interaction_threshold=0.01, fix_imbalance=False, fix_imbalance_method=None, transform_target=False, transform_target_method=box-cox, data_split_shuffle=True, data_split_stratify=False, fold_strategy=kfold, fold=10, fold_shuffle=False, fold_groups=None, n_jobs=-1, use_gpu=False, custom_pipeline=None, html=True, session_id=None, log_experiment=False, experiment_name=None, experiment_custom_tags=None, log_plots=False, log_profile=False, log_data=False, silent=False, verbose=True, profile=False, profile_kwargs=None, display=None)
2023-05-20 16:15:36,507:INFO:Checking environment
2023-05-20 16:15:36,507:INFO:python_version: 3.8.16
2023-05-20 16:15:36,507:INFO:python_build: ('default', 'Jan 17 2023 22:25:28')
2023-05-20 16:15:36,507:INFO:machine: AMD64
2023-05-20 16:15:36,507:INFO:platform: Windows-10-10.0.19045-SP0
2023-05-20 16:15:36,507:INFO:Memory: svmem(total=17125609472, available=10407743488, percent=39.2, used=6717865984, free=10407743488)
2023-05-20 16:15:36,507:INFO:Physical Core: 6
2023-05-20 16:15:36,508:INFO:Logical Core: 12
2023-05-20 16:15:36,508:INFO:Checking libraries
2023-05-20 16:15:36,508:INFO:pd==1.5.2
2023-05-20 16:15:36,508:INFO:numpy==1.20.3
2023-05-20 16:15:36,508:INFO:sklearn==0.23.2
2023-05-20 16:15:36,508:INFO:lightgbm==3.3.5
2023-05-20 16:15:36,509:WARNING:catboost not found
2023-05-20 16:15:36,575:INFO:xgboost==1.7.5
2023-05-20 16:15:36,575:INFO:mlflow==2.2.1
2023-05-20 16:15:36,575:INFO:Checking Exceptions
2023-05-20 16:15:36,576:INFO:Declaring global variables
2023-05-20 16:15:36,576:INFO:USI: f380
2023-05-20 16:15:36,576:INFO:pycaret_globals: {'fold_generator', 'transform_target_method_param', 'stratify_param', 'iterative_imputation_iters_param', '_all_metrics', 'dashboard_logger', 'logging_param', 'gpu_param', 'USI', 'fold_shuffle_param', 'exp_name_log', 'pycaret_globals', 'html_param', 'X', 'seed', 'experiment__', 'X_test', '_available_plots', 'fold_groups_param_full', 'target_param', 'fix_imbalance_param', 'data_before_preprocess', 'fold_param', 'transform_target_param', '_ml_usecase', 'n_jobs_param', '_gpu_n_jobs_param', 'y_train', '_all_models', '_internal_pipeline', 'imputation_classifier', 'fix_imbalance_method_param', 'fold_groups_param', 'master_model_container', 'log_plots_param', 'create_model_container', 'prep_pipe', 'X_train', 'y_test', '_all_models_internal', 'display_container', 'y', 'imputation_regressor'}
2023-05-20 16:15:36,576:INFO:Preparing display monitor
2023-05-20 16:15:36,576:INFO:Preparing display monitor
2023-05-20 16:15:36,586:INFO:Importing libraries
2023-05-20 16:15:36,586:INFO:Copying data for preprocessing
2023-05-20 16:15:36,658:INFO:Declaring preprocessing parameters
2023-05-20 16:15:36,722:INFO:Creating preprocessing pipeline
2023-05-20 16:15:37,758:INFO:Preprocessing pipeline created successfully
2023-05-20 16:15:37,759:ERROR:(Process Exit): setup has been interupted with user command 'quit'. setup must rerun.
2023-05-20 16:15:37,759:INFO:Creating global containers
2023-05-20 16:15:37,762:INFO:Internal pipeline: Pipeline(memory=None, steps=[('empty_step', 'passthrough')], verbose=False)
2023-05-20 16:16:22,537:WARNING:Couldn't import catboost.CatBoostRegressor
2023-05-20 16:16:22,710:WARNING:Couldn't import catboost.CatBoostRegressor
2023-05-20 16:16:22,711:INFO:Creating grid variables
2023-05-20 16:16:22,778:INFO:create_model_container: 0
2023-05-20 16:16:22,778:INFO:master_model_container: 0
2023-05-20 16:16:22,778:INFO:display_container: 1
2023-05-20 16:16:22,786:INFO:Pipeline(memory=None,
         steps=[('dtypes',
                 DataTypes_Auto_infer(categorical_features=[],
                                      display_types=True, features_todrop=[],
                                      id_columns=[], ml_usecase='regression',
                                      numerical_features=[], target='Kills',
                                      time_features=[])),
                ('imputer',
                 Simple_Imputer(categorical_strategy='not_available',
                                fill_value_categorical=None,
                                fill_value_numerical=None,
                                numeric_strategy='...
                ('scaling', 'passthrough'), ('P_transform', 'passthrough'),
                ('binn', 'passthrough'), ('rem_outliers', 'passthrough'),
                ('cluster_all', 'passthrough'),
                ('dummy', Dummify(target='Kills')),
                ('fix_perfect', Remove_100(target='Kills')),
                ('clean_names', Clean_Colum_Names()),
                ('feature_select', 'passthrough'), ('fix_multi', 'passthrough'),
                ('dfs', 'passthrough'), ('pca', 'passthrough')],
         verbose=False)
2023-05-20 16:16:22,786:INFO:setup() succesfully completed......................................
2023-05-20 16:16:23,104:INFO:Initializing compare_models()
2023-05-20 16:16:23,104:INFO:compare_models(include=['br', 'lightgbm', 'gbr', 'xgboost', 'rf'], fold=None, round=4, cross_validation=True, sort=MAE, n_select=1, budget_time=None, turbo=True, errors=ignore, fit_kwargs=None, groups=None, experiment_custom_tags=None, probability_threshold=None, verbose=True, display=None, exclude=None)
2023-05-20 16:16:23,104:INFO:Checking exceptions
2023-05-20 16:16:23,104:INFO:Preparing display monitor
2023-05-20 16:16:23,104:INFO:Preparing display monitor
2023-05-20 16:16:23,131:INFO:Initializing Bayesian Ridge
2023-05-20 16:16:23,131:INFO:Total runtime is 0.0 minutes
2023-05-20 16:16:23,141:INFO:SubProcess create_model() called ==================================
2023-05-20 16:16:23,142:INFO:Initializing create_model()
2023-05-20 16:16:23,142:INFO:create_model(estimator=br, fold=KFold(n_splits=10, random_state=None, shuffle=False), round=4, cross_validation=True, predict=True, fit_kwargs={}, groups=None, refit=False, verbose=False, system=False, metrics=None, experiment_custom_tags=None, add_to_model_list=True, probability_threshold=None, display=<pycaret.internal.Display.Display object at 0x000002339CE41CD0>, return_train_score=False, kwargs={})
2023-05-20 16:16:23,142:INFO:Checking exceptions
2023-05-20 16:16:23,142:INFO:Importing libraries
2023-05-20 16:16:23,142:INFO:Copying training dataset
2023-05-20 16:16:23,830:INFO:Defining folds
2023-05-20 16:16:23,830:INFO:Declaring metric variables
2023-05-20 16:16:23,840:INFO:Importing untrained model
2023-05-20 16:16:23,849:INFO:Bayesian Ridge Imported succesfully
2023-05-20 16:16:23,868:INFO:Starting cross validation
2023-05-20 16:16:23,876:INFO:Cross validating with KFold(n_splits=10, random_state=None, shuffle=False), n_jobs=-1
2023-05-20 17:05:04,659:INFO:Calculating mean and std
2023-05-20 17:05:04,744:INFO:Creating metrics dataframe
2023-05-20 17:05:04,884:INFO:Uploading results into container
2023-05-20 17:05:04,885:INFO:Uploading model into container now
2023-05-20 17:05:04,885:INFO:create_model_container: 1
2023-05-20 17:05:04,885:INFO:master_model_container: 1
2023-05-20 17:05:04,885:INFO:display_container: 2
2023-05-20 17:05:04,898:INFO:BayesianRidge(alpha_1=1e-06, alpha_2=1e-06, alpha_init=None,
              compute_score=False, copy_X=True, fit_intercept=True,
              lambda_1=1e-06, lambda_2=1e-06, lambda_init=None, n_iter=300,
              normalize=False, tol=0.001, verbose=False)
2023-05-20 17:05:04,898:INFO:create_model() succesfully completed......................................
2023-05-20 17:05:05,513:INFO:SubProcess create_model() end ==================================
2023-05-20 17:05:05,513:INFO:Creating metrics dataframe
2023-05-20 17:05:05,542:INFO:Initializing Light Gradient Boosting Machine
2023-05-20 17:05:05,542:INFO:Total runtime is 48.70685662428538 minutes
2023-05-20 17:05:05,555:INFO:SubProcess create_model() called ==================================
2023-05-20 17:05:05,555:INFO:Initializing create_model()
2023-05-20 17:05:05,555:INFO:create_model(estimator=lightgbm, fold=KFold(n_splits=10, random_state=None, shuffle=False), round=4, cross_validation=True, predict=True, fit_kwargs={}, groups=None, refit=False, verbose=False, system=False, metrics=None, experiment_custom_tags=None, add_to_model_list=True, probability_threshold=None, display=<pycaret.internal.Display.Display object at 0x000002339CE41CD0>, return_train_score=False, kwargs={})
2023-05-20 17:05:05,556:INFO:Checking exceptions
2023-05-20 17:05:05,556:INFO:Importing libraries
2023-05-20 17:05:05,559:INFO:Copying training dataset
2023-05-20 17:05:07,393:INFO:Defining folds
2023-05-20 17:05:07,393:INFO:Declaring metric variables
2023-05-20 17:05:07,404:INFO:Importing untrained model
2023-05-20 17:05:07,415:INFO:Light Gradient Boosting Machine Imported succesfully
2023-05-20 17:05:07,435:INFO:Starting cross validation
2023-05-20 17:05:07,436:INFO:Cross validating with KFold(n_splits=10, random_state=None, shuffle=False), n_jobs=-1
2023-05-20 17:05:35,885:INFO:Calculating mean and std
2023-05-20 17:05:35,906:INFO:Creating metrics dataframe
2023-05-20 17:05:35,951:INFO:Uploading results into container
2023-05-20 17:05:35,951:INFO:Uploading model into container now
2023-05-20 17:05:35,951:INFO:create_model_container: 2
2023-05-20 17:05:35,951:INFO:master_model_container: 2
2023-05-20 17:05:35,952:INFO:display_container: 2
2023-05-20 17:05:35,957:INFO:LGBMRegressor(boosting_type='gbdt', class_weight=None, colsample_bytree=1.0,
              importance_type='split', learning_rate=0.1, max_depth=-1,
              min_child_samples=20, min_child_weight=0.001, min_split_gain=0.0,
              n_estimators=100, n_jobs=-1, num_leaves=31, objective=None,
              random_state=4959, reg_alpha=0.0, reg_lambda=0.0, silent='warn',
              subsample=1.0, subsample_for_bin=200000, subsample_freq=0)
2023-05-20 17:05:35,958:INFO:create_model() succesfully completed......................................
2023-05-20 17:05:36,352:INFO:SubProcess create_model() end ==================================
2023-05-20 17:05:36,352:INFO:Creating metrics dataframe
2023-05-20 17:05:36,371:INFO:Initializing Gradient Boosting Regressor
2023-05-20 17:05:36,371:INFO:Total runtime is 49.220672559738155 minutes
2023-05-20 17:05:36,380:INFO:SubProcess create_model() called ==================================
2023-05-20 17:05:36,381:INFO:Initializing create_model()
2023-05-20 17:05:36,381:INFO:create_model(estimator=gbr, fold=KFold(n_splits=10, random_state=None, shuffle=False), round=4, cross_validation=True, predict=True, fit_kwargs={}, groups=None, refit=False, verbose=False, system=False, metrics=None, experiment_custom_tags=None, add_to_model_list=True, probability_threshold=None, display=<pycaret.internal.Display.Display object at 0x000002339CE41CD0>, return_train_score=False, kwargs={})
2023-05-20 17:05:36,381:INFO:Checking exceptions
2023-05-20 17:05:36,381:INFO:Importing libraries
2023-05-20 17:05:36,381:INFO:Copying training dataset
2023-05-20 17:05:37,293:INFO:Defining folds
2023-05-20 17:05:37,293:INFO:Declaring metric variables
2023-05-20 17:05:37,302:INFO:Importing untrained model
2023-05-20 17:05:37,313:INFO:Gradient Boosting Regressor Imported succesfully
2023-05-20 17:05:37,332:INFO:Starting cross validation
2023-05-20 17:05:37,333:INFO:Cross validating with KFold(n_splits=10, random_state=None, shuffle=False), n_jobs=-1
2023-05-20 17:13:39,103:INFO:Calculating mean and std
2023-05-20 17:13:39,104:INFO:Creating metrics dataframe
2023-05-20 17:13:39,110:INFO:Uploading results into container
2023-05-20 17:13:39,111:INFO:Uploading model into container now
2023-05-20 17:13:39,111:INFO:create_model_container: 3
2023-05-20 17:13:39,111:INFO:master_model_container: 3
2023-05-20 17:13:39,111:INFO:display_container: 2
2023-05-20 17:13:39,112:INFO:GradientBoostingRegressor(alpha=0.9, ccp_alpha=0.0, criterion='friedman_mse',
                          init=None, learning_rate=0.1, loss='ls', max_depth=3,
                          max_features=None, max_leaf_nodes=None,
                          min_impurity_decrease=0.0, min_impurity_split=None,
                          min_samples_leaf=1, min_samples_split=2,
                          min_weight_fraction_leaf=0.0, n_estimators=100,
                          n_iter_no_change=None, presort='deprecated',
                          random_state=4959, subsample=1.0, tol=0.0001,
                          validation_fraction=0.1, verbose=0, warm_start=False)
2023-05-20 17:13:39,112:INFO:create_model() succesfully completed......................................
2023-05-20 17:13:39,307:INFO:SubProcess create_model() end ==================================
2023-05-20 17:13:39,308:INFO:Creating metrics dataframe
2023-05-20 17:13:39,323:INFO:Initializing Extreme Gradient Boosting
2023-05-20 17:13:39,323:INFO:Total runtime is 57.269870833555856 minutes
2023-05-20 17:13:39,333:INFO:SubProcess create_model() called ==================================
2023-05-20 17:13:39,333:INFO:Initializing create_model()
2023-05-20 17:13:39,334:INFO:create_model(estimator=xgboost, fold=KFold(n_splits=10, random_state=None, shuffle=False), round=4, cross_validation=True, predict=True, fit_kwargs={}, groups=None, refit=False, verbose=False, system=False, metrics=None, experiment_custom_tags=None, add_to_model_list=True, probability_threshold=None, display=<pycaret.internal.Display.Display object at 0x000002339CE41CD0>, return_train_score=False, kwargs={})
2023-05-20 17:13:39,334:INFO:Checking exceptions
2023-05-20 17:13:39,334:INFO:Importing libraries
2023-05-20 17:13:39,334:INFO:Copying training dataset
2023-05-20 17:13:39,999:INFO:Defining folds
2023-05-20 17:13:39,999:INFO:Declaring metric variables
2023-05-20 17:13:40,009:INFO:Importing untrained model
2023-05-20 17:13:40,021:INFO:Extreme Gradient Boosting Imported succesfully
2023-05-20 17:13:40,040:INFO:Starting cross validation
2023-05-20 17:13:40,042:INFO:Cross validating with KFold(n_splits=10, random_state=None, shuffle=False), n_jobs=-1
2023-05-20 18:02:47,369:INFO:Calculating mean and std
2023-05-20 18:02:47,443:INFO:Creating metrics dataframe
2023-05-20 18:02:47,570:INFO:Uploading results into container
2023-05-20 18:02:47,571:INFO:Uploading model into container now
2023-05-20 18:02:47,571:INFO:create_model_container: 4
2023-05-20 18:02:47,571:INFO:master_model_container: 4
2023-05-20 18:02:47,571:INFO:display_container: 2
2023-05-20 18:02:47,588:INFO:XGBRegressor(base_score=None, booster='gbtree', callbacks=None,
             colsample_bylevel=None, colsample_bynode=None,
             colsample_bytree=None, early_stopping_rounds=None,
             enable_categorical=False, eval_metric=None, feature_types=None,
             gamma=None, gpu_id=None, grow_policy=None, importance_type=None,
             interaction_constraints=None, learning_rate=None, max_bin=None,
             max_cat_threshold=None, max_cat_to_onehot=None,
             max_delta_step=None, max_depth=None, max_leaves=None,
             min_child_weight=None, missing=nan, monotone_constraints=None,
             n_estimators=100, n_jobs=-1, num_parallel_tree=None,
             objective='reg:squarederror', predictor=None, ...)
2023-05-20 18:02:47,590:INFO:create_model() succesfully completed......................................
2023-05-20 18:02:48,182:INFO:SubProcess create_model() end ==================================
2023-05-20 18:02:48,182:INFO:Creating metrics dataframe
2023-05-20 18:02:48,205:INFO:Initializing Random Forest Regressor
2023-05-20 18:02:48,205:INFO:Total runtime is 106.41790196100871 minutes
2023-05-20 18:02:48,214:INFO:SubProcess create_model() called ==================================
2023-05-20 18:02:48,215:INFO:Initializing create_model()
2023-05-20 18:02:48,215:INFO:create_model(estimator=rf, fold=KFold(n_splits=10, random_state=None, shuffle=False), round=4, cross_validation=True, predict=True, fit_kwargs={}, groups=None, refit=False, verbose=False, system=False, metrics=None, experiment_custom_tags=None, add_to_model_list=True, probability_threshold=None, display=<pycaret.internal.Display.Display object at 0x000002339CE41CD0>, return_train_score=False, kwargs={})
2023-05-20 18:02:48,215:INFO:Checking exceptions
2023-05-20 18:02:48,215:INFO:Importing libraries
2023-05-20 18:02:48,216:INFO:Copying training dataset
2023-05-20 18:02:49,657:INFO:Defining folds
2023-05-20 18:02:49,657:INFO:Declaring metric variables
2023-05-20 18:02:49,666:INFO:Importing untrained model
2023-05-20 18:02:49,676:INFO:Random Forest Regressor Imported succesfully
2023-05-20 18:02:49,696:INFO:Starting cross validation
2023-05-20 18:02:49,697:INFO:Cross validating with KFold(n_splits=10, random_state=None, shuffle=False), n_jobs=-1
2023-05-20 18:27:27,325:INFO:Calculating mean and std
2023-05-20 18:27:27,326:INFO:Creating metrics dataframe
2023-05-20 18:27:27,332:INFO:Uploading results into container
2023-05-20 18:27:27,332:INFO:Uploading model into container now
2023-05-20 18:27:27,332:INFO:create_model_container: 5
2023-05-20 18:27:27,332:INFO:master_model_container: 5
2023-05-20 18:27:27,332:INFO:display_container: 2
2023-05-20 18:27:27,334:INFO:RandomForestRegressor(bootstrap=True, ccp_alpha=0.0, criterion='mse',
                      max_depth=None, max_features='auto', max_leaf_nodes=None,
                      max_samples=None, min_impurity_decrease=0.0,
                      min_impurity_split=None, min_samples_leaf=1,
                      min_samples_split=2, min_weight_fraction_leaf=0.0,
                      n_estimators=100, n_jobs=-1, oob_score=False,
                      random_state=4959, verbose=0, warm_start=False)
2023-05-20 18:27:27,334:INFO:create_model() succesfully completed......................................
2023-05-20 18:27:27,491:INFO:SubProcess create_model() end ==================================
2023-05-20 18:27:27,492:INFO:Creating metrics dataframe
2023-05-20 18:27:27,530:INFO:Initializing create_model()
2023-05-20 18:27:27,531:INFO:create_model(estimator=BayesianRidge(alpha_1=1e-06, alpha_2=1e-06, alpha_init=None,
              compute_score=False, copy_X=True, fit_intercept=True,
              lambda_1=1e-06, lambda_2=1e-06, lambda_init=None, n_iter=300,
              normalize=False, tol=0.001, verbose=False), fold=KFold(n_splits=10, random_state=None, shuffle=False), round=4, cross_validation=False, predict=False, fit_kwargs={}, groups=None, refit=True, verbose=False, system=False, metrics=None, experiment_custom_tags=None, add_to_model_list=True, probability_threshold=None, display=None, return_train_score=False, kwargs={})
2023-05-20 18:27:27,531:INFO:Checking exceptions
2023-05-20 18:27:27,531:INFO:Importing libraries
2023-05-20 18:27:27,531:INFO:Copying training dataset
2023-05-20 18:27:28,359:INFO:Defining folds
2023-05-20 18:27:28,359:INFO:Declaring metric variables
2023-05-20 18:27:28,359:INFO:Importing untrained model
2023-05-20 18:27:28,359:INFO:Declaring custom model
2023-05-20 18:27:28,360:INFO:Bayesian Ridge Imported succesfully
2023-05-20 18:27:28,361:INFO:Cross validation set to False
2023-05-20 18:27:28,361:INFO:Fitting Model
2023-05-20 18:31:24,672:INFO:BayesianRidge(alpha_1=1e-06, alpha_2=1e-06, alpha_init=None,
              compute_score=False, copy_X=True, fit_intercept=True,
              lambda_1=1e-06, lambda_2=1e-06, lambda_init=None, n_iter=300,
              normalize=False, tol=0.001, verbose=False)
2023-05-20 18:31:24,672:INFO:create_models() succesfully completed......................................
2023-05-20 18:31:24,894:INFO:create_model_container: 5
2023-05-20 18:31:24,894:INFO:master_model_container: 5
2023-05-20 18:31:24,894:INFO:display_container: 2
2023-05-20 18:31:24,895:INFO:BayesianRidge(alpha_1=1e-06, alpha_2=1e-06, alpha_init=None,
              compute_score=False, copy_X=True, fit_intercept=True,
              lambda_1=1e-06, lambda_2=1e-06, lambda_init=None, n_iter=300,
              normalize=False, tol=0.001, verbose=False)
2023-05-20 18:31:24,896:INFO:compare_models() succesfully completed......................................
